[15-Oct-2018 22:14:22 UTC] PHP Fatal error:  Uncaught exception 'PDOException' with message 'SQLSTATE[42000]: Syntax error or access violation: 1064 You have an error in your SQL syntax; check the manual that corresponds to your MySQL server version for the right syntax to use near '0' at line 1' in /home/ubuntu/workspace/cst336/labs/lab6/index.php:72
Stack trace:
#0 /home/ubuntu/workspace/cst336/labs/lab6/index.php(72): PDOStatement->execute(Array)
#1 /home/ubuntu/workspace/cst336/labs/lab6/index.php(108): filterProducts()
#2 {main}
  thrown in /home/ubuntu/workspace/cst336/labs/lab6/index.php on line 72
[15-Oct-2018 22:15:45 UTC] PHP Fatal error:  Uncaught exception 'PDOException' with message 'SQLSTATE[42000]: Syntax error or access violation: 1064 You have an error in your SQL syntax; check the manual that corresponds to your MySQL server version for the right syntax to use near '0' at line 1' in /home/ubuntu/workspace/cst336/labs/lab6/index.php:72
Stack trace:
#0 /home/ubuntu/workspace/cst336/labs/lab6/index.php(72): PDOStatement->execute(Array)
#1 /home/ubuntu/workspace/cst336/labs/lab6/index.php(108): filterProducts()
#2 {main}
  thrown in /home/ubuntu/workspace/cst336/labs/lab6/index.php on line 72
[15-Oct-2018 22:15:50 UTC] PHP Fatal error:  Uncaught exception 'PDOException' with message 'SQLSTATE[42000]: Syntax error or access violation: 1064 You have an error in your SQL syntax; check the manual that corresponds to your MySQL server version for the right syntax to use near '0' at line 1' in /home/ubuntu/workspace/cst336/labs/lab6/index.php:72
Stack trace:
#0 /home/ubuntu/workspace/cst336/labs/lab6/index.php(72): PDOStatement->execute(Array)
#1 /home/ubuntu/workspace/cst336/labs/lab6/index.php(108): filterProducts()
#2 {main}
  thrown in /home/ubuntu/workspace/cst336/labs/lab6/index.php on line 72
[15-Oct-2018 22:15:53 UTC] PHP Fatal error:  Uncaught exception 'PDOException' with message 'SQLSTATE[42000]: Syntax error or access violation: 1064 You have an error in your SQL syntax; check the manual that corresponds to your MySQL server version for the right syntax to use near '0' at line 1' in /home/ubuntu/workspace/cst336/labs/lab6/index.php:72
Stack trace:
#0 /home/ubuntu/workspace/cst336/labs/lab6/index.php(72): PDOStatement->execute(Array)
#1 /home/ubuntu/workspace/cst336/labs/lab6/index.php(108): filterProducts()
#2 {main}
  thrown in /home/ubuntu/workspace/cst336/labs/lab6/index.php on line 72
[15-Oct-2018 22:20:42 UTC] PHP Fatal error:  Uncaught exception 'PDOException' with message 'SQLSTATE[42000]: Syntax error or access violation: 1064 You have an error in your SQL syntax; check the manual that corresponds to your MySQL server version for the right syntax to use near '0' at line 1' in /home/ubuntu/workspace/cst336/labs/lab6/index.php:72
Stack trace:
#0 /home/ubuntu/workspace/cst336/labs/lab6/index.php(72): PDOStatement->execute(Array)
#1 /home/ubuntu/workspace/cst336/labs/lab6/index.php(108): filterProducts()
#2 {main}
  thrown in /home/ubuntu/workspace/cst336/labs/lab6/index.php on line 72
[15-Oct-2018 22:21:55 UTC] PHP Fatal error:  Uncaught exception 'PDOException' with message 'SQLSTATE[42000]: Syntax error or access violation: 1064 You have an error in your SQL syntax; check the manual that corresponds to your MySQL server version for the right syntax to use near '0' at line 1' in /home/ubuntu/workspace/cst336/labs/lab6/index.php:72
Stack trace:
#0 /home/ubuntu/workspace/cst336/labs/lab6/index.php(72): PDOStatement->execute(Array)
#1 /home/ubuntu/workspace/cst336/labs/lab6/index.php(108): filterProducts()
#2 {main}
  thrown in /home/ubuntu/workspace/cst336/labs/lab6/index.php on line 72
[15-Oct-2018 22:21:58 UTC] PHP Fatal error:  Uncaught exception 'PDOException' with message 'SQLSTATE[42000]: Syntax error or access violation: 1064 You have an error in your SQL syntax; check the manual that corresponds to your MySQL server version for the right syntax to use near '0' at line 1' in /home/ubuntu/workspace/cst336/labs/lab6/index.php:72
Stack trace:
#0 /home/ubuntu/workspace/cst336/labs/lab6/index.php(72): PDOStatement->execute(Array)
#1 /home/ubuntu/workspace/cst336/labs/lab6/index.php(108): filterProducts()
#2 {main}
  thrown in /home/ubuntu/workspace/cst336/labs/lab6/index.php on line 72
[15-Oct-2018 22:22:35 UTC] PHP Fatal error:  Uncaught exception 'PDOException' with message 'SQLSTATE[42000]: Syntax error or access violation: 1064 You have an error in your SQL syntax; check the manual that corresponds to your MySQL server version for the right syntax to use near '0' at line 1' in /home/ubuntu/workspace/cst336/labs/lab6/index.php:73
Stack trace:
#0 /home/ubuntu/workspace/cst336/labs/lab6/index.php(73): PDOStatement->execute(Array)
#1 /home/ubuntu/workspace/cst336/labs/lab6/index.php(109): filterProducts()
#2 {main}
  thrown in /home/ubuntu/workspace/cst336/labs/lab6/index.php on line 73
[15-Oct-2018 22:24:44 UTC] PHP Fatal error:  Uncaught exception 'PDOException' with message 'SQLSTATE[42000]: Syntax error or access violation: 1064 You have an error in your SQL syntax; check the manual that corresponds to your MySQL server version for the right syntax to use near '0' at line 1' in /home/ubuntu/workspace/cst336/labs/lab6/index.php:74
Stack trace:
#0 /home/ubuntu/workspace/cst336/labs/lab6/index.php(74): PDOStatement->execute(Array)
#1 /home/ubuntu/workspace/cst336/labs/lab6/index.php(110): filterProducts()
#2 {main}
  thrown in /home/ubuntu/workspace/cst336/labs/lab6/index.php on line 74
[15-Oct-2018 22:25:00 UTC] PHP Fatal error:  Uncaught exception 'PDOException' with message 'SQLSTATE[42000]: Syntax error or access violation: 1064 You have an error in your SQL syntax; check the manual that corresponds to your MySQL server version for the right syntax to use near '0' at line 1' in /home/ubuntu/workspace/cst336/labs/lab6/index.php:76
Stack trace:
#0 /home/ubuntu/workspace/cst336/labs/lab6/index.php(76): PDOStatement->execute(Array)
#1 /home/ubuntu/workspace/cst336/labs/lab6/index.php(112): filterProducts()
#2 {main}
  thrown in /home/ubuntu/workspace/cst336/labs/lab6/index.php on line 76
[15-Oct-2018 22:25:04 UTC] PHP Fatal error:  Uncaught exception 'PDOException' with message 'SQLSTATE[42000]: Syntax error or access violation: 1064 You have an error in your SQL syntax; check the manual that corresponds to your MySQL server version for the right syntax to use near '0' at line 1' in /home/ubuntu/workspace/cst336/labs/lab6/index.php:76
Stack trace:
#0 /home/ubuntu/workspace/cst336/labs/lab6/index.php(76): PDOStatement->execute(Array)
#1 /home/ubuntu/workspace/cst336/labs/lab6/index.php(112): filterProducts()
#2 {main}
  thrown in /home/ubuntu/workspace/cst336/labs/lab6/index.php on line 76
